2024-08-20 22:05:38,577 - controllers.booking_controller - ERROR - Erro ao criar reserva: 'username' is an invalid keyword argument for Booking
2024-08-20 22:05:54,895 - controllers.booking_controller - ERROR - Erro ao criar reserva: 'username' is an invalid keyword argument for Booking
2024-08-20 22:06:19,247 - controllers.booking_controller - ERROR - Erro ao criar reserva: (sqlite3.OperationalError) no such column: booking.username
[SQL: SELECT booking.id AS booking_id, booking.username AS booking_username, booking.equipment_id AS booking_equipment_id, booking.start_time AS booking_start_time, booking.end_time AS booking_end_time, booking.status AS booking_status 
FROM booking 
WHERE booking.equipment_id = ? AND booking.end_time > ? AND booking.start_time < ?
 LIMIT ? OFFSET ?]
[parameters: ('6', '2024-08-20 22:06:19.215971', '2024-08-23 22:05:00.000000', 1, 0)]
(Background on this error at: https://sqlalche.me/e/14/e3q8)
2024-08-20 22:08:09,003 - controllers.booking_controller - ERROR - Erro ao gerar o relatório: Erro ao gerar o relatório: [Errno 2] No such file or directory: 'path/to/report.csv'
2024-08-20 22:08:12,955 - controllers.booking_controller - ERROR - Erro ao gerar o relatório: Erro ao gerar o relatório: [Errno 2] No such file or directory: 'path/to/report.csv'
2024-08-20 22:12:04,963 - controllers.booking_controller - ERROR - Erro ao gerar o relatório: Erro ao gerar o relatório: [Errno 2] No such file or directory: 'path/to/report.csv'
2024-08-20 22:12:07,076 - controllers.booking_controller - ERROR - Erro ao gerar o relatório: Erro ao gerar o relatório: [Errno 2] No such file or directory: 'path/to/report.csv'
2024-08-20 22:12:07,761 - controllers.booking_controller - ERROR - Erro ao gerar o relatório: Erro ao gerar o relatório: [Errno 2] No such file or directory: 'path/to/report.csv'
2024-08-20 22:12:08,128 - controllers.booking_controller - ERROR - Erro ao gerar o relatório: Erro ao gerar o relatório: [Errno 2] No such file or directory: 'path/to/report.csv'
2024-08-20 22:12:08,572 - controllers.booking_controller - ERROR - Erro ao gerar o relatório: Erro ao gerar o relatório: [Errno 2] No such file or directory: 'path/to/report.csv'
2024-08-20 22:12:08,828 - controllers.booking_controller - ERROR - Erro ao gerar o relatório: Erro ao gerar o relatório: [Errno 2] No such file or directory: 'path/to/report.csv'
2024-08-20 22:12:09,973 - controllers.booking_controller - ERROR - Erro ao gerar o relatório: Erro ao gerar o relatório: [Errno 2] No such file or directory: 'path/to/report.csv'
2024-08-20 22:21:51,392 - controllers.booking_controller - INFO - Listagem de reservas realizada com sucesso.
2024-08-20 22:21:51,393 - controllers.booking_controller - ERROR - Erro ao listar reservas: list_bookings.html
2024-08-20 22:21:53,627 - controllers.booking_controller - INFO - Listagem de reservas realizada com sucesso.
2024-08-20 22:21:53,628 - controllers.booking_controller - ERROR - Erro ao listar reservas: list_bookings.html
2024-08-20 22:21:55,124 - controllers.booking_controller - INFO - Listagem de reservas realizada com sucesso.
2024-08-20 22:21:55,124 - controllers.booking_controller - ERROR - Erro ao listar reservas: list_bookings.html
2024-08-20 22:22:06,989 - controllers.booking_controller - INFO - Listagem de reservas realizada com sucesso.
2024-08-20 22:22:06,989 - controllers.booking_controller - ERROR - Erro ao listar reservas: list_bookings.html
2024-08-20 22:22:07,765 - controllers.booking_controller - INFO - Listagem de reservas realizada com sucesso.
2024-08-20 22:22:07,765 - controllers.booking_controller - ERROR - Erro ao listar reservas: list_bookings.html
2024-08-20 22:22:08,326 - controllers.booking_controller - INFO - Listagem de reservas realizada com sucesso.
2024-08-20 22:22:08,326 - controllers.booking_controller - ERROR - Erro ao listar reservas: list_bookings.html
2024-08-20 22:22:15,388 - controllers.booking_controller - INFO - Listagem de reservas realizada com sucesso.
2024-08-20 22:22:15,389 - controllers.booking_controller - ERROR - Erro ao listar reservas: list_bookings.html
2024-08-20 22:23:12,481 - controllers.booking_controller - INFO - Listagem de reservas realizada com sucesso.
2024-08-20 22:23:12,482 - controllers.booking_controller - ERROR - Erro ao listar reservas: list_bookings.html
2024-08-20 22:23:14,622 - controllers.booking_controller - INFO - Listagem de reservas realizada com sucesso.
2024-08-20 22:23:14,623 - controllers.booking_controller - ERROR - Erro ao listar reservas: list_bookings.html
2024-08-20 22:23:16,383 - controllers.booking_controller - INFO - Listagem de reservas realizada com sucesso.
2024-08-20 22:23:16,383 - controllers.booking_controller - ERROR - Erro ao listar reservas: list_bookings.html
2024-08-20 22:23:19,887 - controllers.booking_controller - INFO - Listagem de reservas realizada com sucesso.
2024-08-20 22:23:19,888 - controllers.booking_controller - ERROR - Erro ao listar reservas: list_bookings.html
2024-08-20 22:23:21,215 - controllers.booking_controller - INFO - Listagem de reservas realizada com sucesso.
2024-08-20 22:23:21,216 - controllers.booking_controller - ERROR - Erro ao listar reservas: list_bookings.html
2024-08-20 22:23:22,220 - controllers.booking_controller - INFO - Listagem de reservas realizada com sucesso.
2024-08-20 22:23:22,221 - controllers.booking_controller - ERROR - Erro ao listar reservas: list_bookings.html
2024-08-20 22:23:25,833 - controllers.booking_controller - INFO - Listagem de reservas realizada com sucesso.
2024-08-20 22:23:25,834 - controllers.booking_controller - ERROR - Erro ao listar reservas: list_bookings.html
2024-08-20 22:23:27,352 - controllers.booking_controller - INFO - Listagem de reservas realizada com sucesso.
2024-08-20 22:23:27,352 - controllers.booking_controller - ERROR - Erro ao listar reservas: list_bookings.html
2024-08-20 22:23:27,984 - controllers.booking_controller - INFO - Listagem de reservas realizada com sucesso.
2024-08-20 22:23:27,984 - controllers.booking_controller - ERROR - Erro ao listar reservas: list_bookings.html
2024-08-20 22:25:59,874 - controllers.booking_controller - INFO - Listagem de reservas realizada com sucesso.
2024-08-20 22:25:59,875 - controllers.booking_controller - ERROR - Erro ao listar reservas: list_bookings.html
2024-08-20 22:26:44,015 - controllers.booking_controller - INFO - Listagem de reservas realizada com sucesso.
2024-08-20 22:26:44,022 - controllers.booking_controller - ERROR - Erro ao listar reservas: 'models.booking.Booking object' has no attribute 'equipment'
2024-08-20 22:27:52,940 - controllers.booking_controller - INFO - Listagem de reservas realizada com sucesso.
2024-08-20 22:27:52,951 - controllers.booking_controller - ERROR - Erro ao listar reservas: 'models.booking.Booking object' has no attribute 'equipment'
2024-08-20 22:39:24,939 - controllers.booking_controller - INFO - Usuário teste visualizou suas reservas.
2024-08-20 22:39:24,949 - controllers.booking_controller - ERROR - Erro ao listar reservas: 'models.booking.Booking object' has no attribute 'equipment'
2024-08-20 22:39:26,091 - controllers.booking_controller - INFO - Usuário teste visualizou suas reservas.
2024-08-20 22:39:26,091 - controllers.booking_controller - ERROR - Erro ao listar reservas: 'models.booking.Booking object' has no attribute 'equipment'
2024-08-20 22:39:26,419 - controllers.booking_controller - INFO - Usuário teste visualizou suas reservas.
2024-08-20 22:39:26,419 - controllers.booking_controller - ERROR - Erro ao listar reservas: 'models.booking.Booking object' has no attribute 'equipment'
2024-08-20 22:39:26,624 - controllers.booking_controller - INFO - Usuário teste visualizou suas reservas.
2024-08-20 22:39:26,624 - controllers.booking_controller - ERROR - Erro ao listar reservas: 'models.booking.Booking object' has no attribute 'equipment'
2024-08-20 22:39:51,294 - controllers.booking_controller - INFO - Usuário teste visualizou suas reservas.
2024-08-20 22:39:51,295 - controllers.booking_controller - ERROR - Erro ao listar reservas: 'models.booking.Booking object' has no attribute 'equipment'
2024-08-20 22:39:59,686 - controllers.booking_controller - INFO - Usuário teste visualizou suas reservas.
2024-08-20 22:39:59,687 - controllers.booking_controller - ERROR - Erro ao listar reservas: 'models.booking.Booking object' has no attribute 'equipment'
2024-08-20 22:41:25,960 - controllers.booking_controller - INFO - Usuário teste visualizou suas reservas.
2024-08-20 22:41:25,964 - controllers.booking_controller - ERROR - Erro ao listar reservas: 'models.booking.Booking object' has no attribute 'equipment'
2024-08-20 22:41:53,631 - controllers.booking_controller - INFO - Usuário teste visualizou suas reservas.
2024-08-20 22:41:53,638 - controllers.booking_controller - ERROR - Erro ao listar reservas: 'models.booking.Booking object' has no attribute 'equipment'
2024-08-20 22:41:59,263 - controllers.booking_controller - INFO - Usuário teste visualizou suas reservas.
2024-08-20 22:41:59,265 - controllers.booking_controller - ERROR - Erro ao listar reservas: 'models.booking.Booking object' has no attribute 'equipment'
2024-08-20 22:48:21,311 - controllers.booking_controller - INFO - Usuário teste visualizou suas reservas.
2024-08-20 22:48:21,316 - controllers.booking_controller - ERROR - Erro ao listar reservas: 'models.booking.Booking object' has no attribute 'equipment'
2024-08-20 22:52:27,468 - controllers.booking_controller - INFO - Usuário teste visualizou suas reservas.
2024-08-20 22:52:27,502 - controllers.booking_controller - ERROR - Erro ao listar reservas: 'models.booking.Booking object' has no attribute 'equipment'
2024-08-20 22:52:28,172 - controllers.booking_controller - INFO - Usuário teste visualizou suas reservas.
2024-08-20 22:52:28,173 - controllers.booking_controller - ERROR - Erro ao listar reservas: 'models.booking.Booking object' has no attribute 'equipment'
2024-08-20 22:52:28,572 - controllers.booking_controller - INFO - Usuário teste visualizou suas reservas.
2024-08-20 22:52:28,572 - controllers.booking_controller - ERROR - Erro ao listar reservas: 'models.booking.Booking object' has no attribute 'equipment'
2024-08-20 22:52:28,967 - controllers.booking_controller - INFO - Usuário teste visualizou suas reservas.
2024-08-20 22:52:28,968 - controllers.booking_controller - ERROR - Erro ao listar reservas: 'models.booking.Booking object' has no attribute 'equipment'
2024-08-20 22:52:29,492 - controllers.booking_controller - INFO - Usuário teste visualizou suas reservas.
2024-08-20 22:52:29,493 - controllers.booking_controller - ERROR - Erro ao listar reservas: 'models.booking.Booking object' has no attribute 'equipment'
2024-08-20 22:52:30,079 - controllers.booking_controller - INFO - Usuário teste visualizou suas reservas.
2024-08-20 22:52:30,083 - controllers.booking_controller - ERROR - Erro ao listar reservas: 'models.booking.Booking object' has no attribute 'equipment'
2024-08-20 22:54:52,208 - controllers.booking_controller - INFO - Usuário teste visualizou suas reservas.
2024-08-20 22:54:52,213 - controllers.booking_controller - ERROR - Erro ao listar reservas: 'models.booking.Booking object' has no attribute 'equipment'
2024-08-20 22:54:53,384 - controllers.booking_controller - INFO - Usuário teste visualizou suas reservas.
2024-08-20 22:54:53,385 - controllers.booking_controller - ERROR - Erro ao listar reservas: 'models.booking.Booking object' has no attribute 'equipment'
2024-08-20 22:54:53,637 - controllers.booking_controller - INFO - Usuário teste visualizou suas reservas.
2024-08-20 22:54:53,637 - controllers.booking_controller - ERROR - Erro ao listar reservas: 'models.booking.Booking object' has no attribute 'equipment'
2024-08-20 22:55:00,580 - controllers.booking_controller - ERROR - Erro ao criar reserva: type object 'Booking' has no attribute 'equipment_id'
2024-08-20 22:55:43,586 - controllers.booking_controller - ERROR - Erro ao criar reserva: type object 'Booking' has no attribute 'equipment_id'
2024-08-20 22:55:48,633 - controllers.booking_controller - INFO - Usuário teste visualizou suas reservas.
2024-08-20 22:55:48,637 - controllers.booking_controller - ERROR - Erro ao listar reservas: 'models.booking.Booking object' has no attribute 'equipment'
2024-08-20 22:55:49,853 - controllers.booking_controller - INFO - Usuário teste visualizou suas reservas.
2024-08-20 22:55:49,854 - controllers.booking_controller - ERROR - Erro ao listar reservas: 'models.booking.Booking object' has no attribute 'equipment'
2024-08-20 22:55:56,708 - controllers.booking_controller - INFO - Usuário teste visualizou suas reservas.
2024-08-20 22:55:56,708 - controllers.booking_controller - ERROR - Erro ao listar reservas: 'models.booking.Booking object' has no attribute 'equipment'
2024-08-20 22:56:05,143 - controllers.booking_controller - INFO - Usuário teste visualizou suas reservas.
2024-08-20 22:56:05,144 - controllers.booking_controller - ERROR - Erro ao listar reservas: 'models.booking.Booking object' has no attribute 'equipment'
2024-08-20 22:56:05,710 - controllers.booking_controller - INFO - Usuário teste visualizou suas reservas.
2024-08-20 22:56:05,710 - controllers.booking_controller - ERROR - Erro ao listar reservas: 'models.booking.Booking object' has no attribute 'equipment'
2024-08-20 22:56:06,171 - controllers.booking_controller - INFO - Usuário teste visualizou suas reservas.
2024-08-20 22:56:06,172 - controllers.booking_controller - ERROR - Erro ao listar reservas: 'models.booking.Booking object' has no attribute 'equipment'
2024-08-20 22:56:06,587 - controllers.booking_controller - INFO - Usuário teste visualizou suas reservas.
2024-08-20 22:56:06,588 - controllers.booking_controller - ERROR - Erro ao listar reservas: 'models.booking.Booking object' has no attribute 'equipment'
2024-08-20 22:56:08,364 - controllers.booking_controller - INFO - Usuário teste visualizou suas reservas.
2024-08-20 22:56:08,365 - controllers.booking_controller - ERROR - Erro ao listar reservas: 'models.booking.Booking object' has no attribute 'equipment'
2024-08-20 22:56:12,751 - controllers.booking_controller - INFO - Usuário teste visualizou suas reservas.
2024-08-20 22:56:12,754 - controllers.booking_controller - ERROR - Erro ao listar reservas: 'models.booking.Booking object' has no attribute 'equipment'
2024-08-20 22:56:39,806 - controllers.booking_controller - ERROR - Erro ao criar reserva: type object 'Booking' has no attribute 'equipment_id'
2024-08-20 22:58:24,741 - controllers.booking_controller - ERROR - Erro ao criar reserva: type object 'Booking' has no attribute 'equipment_id'
2024-08-20 22:59:05,303 - controllers.booking_controller - ERROR - Erro ao criar reserva: type object 'Booking' has no attribute 'equipment_id'
